WSC: Creating a new connection to https://na34.salesforce.com/services/Soap/c/33.0 Proxy = DIRECT username null
------------ Request start   ----------
<?xml version="1.0" encoding="UTF-8"?><env:Envelope
   xmlns:env="http://schemas.xmlsoap.org/soap/envelope/" xmlns:xsd="http://www.w3.org/2001/XMLSchema"
   xmlns:xsi="http://www.w3.org/2001/XMLSchema-instance">
 <env:Body>
  <m:login xmlns:m="urn:enterprise.soap.sforce.com" xmlns:sobj="urn:sobject.enterprise.soap.sforce.com">
   <m:username>skrishna@developertest.com</m:username>
   <m:password>infrascape3srAF8wqAps26TIYMXayRMYTl</m:password>
  </m:login>
 </env:Body>
</env:Envelope>
------------ Request end   ----------
null=[HTTP/1.1 200 OK]
Transfer-Encoding=[chunked]
Date=[Tue, 17 Nov 2015 10:53:03 GMT]
Expires=[Thu, 01 Jan 1970 00:00:00 GMT]
Content-Encoding=[gzip]
Set-Cookie=[BrowserId=cNmnQQTqRbee9lxxHn5xxg;Path=/;Domain=.salesforce.com;Expires=Sat, 16-Jan-2016 10:53:05 GMT]
Content-Type=[text/xml;charset=UTF-8]
------------ Response start ----------
  <?xml version="1.0" encoding="UTF-8"?>
    <soapenv:Envelope xmlns:soapenv="http://schemas.xmlsoap.org/soap/envelope/" xmlns="urn:enterprise.soap.sforce.com" xmlns:xsi="http://www.w3.org/2001/XMLSchema-instance">
      <soapenv:Body>
        <loginResponse>
          <result>
            <metadataServerUrl>https://na34.salesforce.com/services/Soap/m/33.0/00D61000000fBw4</metadataServerUrl>
            <passwordExpired>false</passwordExpired>
            <sandbox>false</sandbox>
            <serverUrl>https://na34.salesforce.com/services/Soap/c/33.0/00D61000000fBw4</serverUrl>
            <sessionId>00D61000000fBw4!AQoAQG4fQlwEfPRPj4SqHOINexMEcmMZJz11K9XTXN8BLx7FCV3R7OI0ZJx0q7wPZIUYJx9HPQ5s3UkoxD9KTjpsaLZV63G2</sessionId>
            <userId>00561000001Frs9AAC</userId>
            <userInfo>
              <accessibilityMode>false</accessibilityMode>
              <currencySymbol>$</currencySymbol>
              <orgAttachmentFileSizeLimit>5242880</orgAttachmentFileSizeLimit>
              <orgDefaultCurrencyIsoCode>USD</orgDefaultCurrencyIsoCode>
              <orgDisallowHtmlAttachments>false</orgDisallowHtmlAttachments>
              <orgHasPersonAccounts>false</orgHasPersonAccounts>
              <organizationId>00D61000000fBw4EAE</organizationId>
              <organizationMultiCurrency>false</organizationMultiCurrency>
              <organizationName>OnForce</organizationName>
              <profileId>00e610000015hPOAAY</profileId>
              <roleId>00E61000000PYokEAG</roleId>
              <sessionSecondsValid>7200</sessionSecondsValid>
              <userDefaultCurrencyIsoCode xsi:nil="true"/>
                <userEmail>skrishna@infrascape.com</userEmail>
                <userFullName>Sai</userFullName>
                <userId>00561000001Frs9AAC</userId>
                <userLanguage>en_US</userLanguage>
                <userLocale>en_US</userLocale>
                <userName>skrishna@developertest.com</userName>
                <userTimeZone>America/Los_Angeles</userTimeZone>
                <userType>Standard</userType>
                <userUiSkin>Theme3</userUiSkin>
            </userInfo>
          </result>
        </loginResponse>
      </soapenv:Body>
    </soapenv:Envelope>
------------ Response end   ----------
WSC: Creating a new connection to https://na34.salesforce.com/services/Soap/c/33.0/00D61000000fBw4 Proxy = DIRECT username null
------------ Request start   ----------
<?xml version="1.0" encoding="UTF-8"?><env:Envelope
   xmlns:env="http://schemas.xmlsoap.org/soap/envelope/" xmlns:xsd="http://www.w3.org/2001/XMLSchema"
   xmlns:xsi="http://www.w3.org/2001/XMLSchema-instance">
 <env:Header>
  <SessionHeader xmlns="urn:enterprise.soap.sforce.com">
   <sessionId>00D61000000fBw4!AQoAQG4fQlwEfPRPj4SqHOINexMEcmMZJz11K9XTXN8BLx7FCV3R7OI0ZJx0q7wPZIUYJx9HPQ5s3UkoxD9KTjpsaLZV63G2</sessionId>
  </SessionHeader>
 </env:Header>
 <env:Body>
  <m:query xmlns:m="urn:enterprise.soap.sforce.com" xmlns:sobj="urn:sobject.enterprise.soap.sforce.com">
   <m:queryString>SELECT Id, Name, ASA__Action__c,ASA__OrganizationId__c, ASA__Status__c, ASA__Releases__c, ASA__ReleaseEnvironment__c  FROM ASA__MetadataLog__c where Id= 'a0161000002ELwT'</m:queryString>
  </m:query>
 </env:Body>
</env:Envelope>
------------ Request end   ----------
null=[HTTP/1.1 500 Server Error]
Transfer-Encoding=[chunked]
Date=[Tue, 17 Nov 2015 10:53:07 GMT]
Expires=[Thu, 01 Jan 1970 00:00:00 GMT]
Set-Cookie=[BrowserId=1BExjz_YRSWGU63mIcO3sw;Path=/;Domain=.salesforce.com;Expires=Sat, 16-Jan-2016 10:53:07 GMT]
Content-Type=[text/xml;charset=UTF-8]
------------ Response start ----------
  <?xml version="1.0" encoding="UTF-8"?>
    <soapenv:Envelope xmlns:soapenv="http://schemas.xmlsoap.org/soap/envelope/" xmlns:sf="urn:fault.enterprise.soap.sforce.com" xmlns:xsi="http://www.w3.org/2001/XMLSchema-instance">
      <soapenv:Body>
        <soapenv:Fault>
          <faultcode>sf:INVALID_TYPE</faultcode>
          <faultstring>INVALID_TYPE: 
ASA__ReleaseEnvironment__c  FROM ASA__MetadataLog__c where Id= &apos;a0161000002ELwT&apos;
                                 ^
ERROR at Row:1:Column:124
sObject type &apos;ASA__MetadataLog__c&apos; is not supported. If you are attempting to use a custom object, be sure to append the &apos;__c&apos; after the entity name. Please reference your WSDL or the describe call for the appropriate names.</faultstring>
          <detail>
            <sf:InvalidSObjectFault xsi:type="sf:InvalidSObjectFault">
              <sf:exceptionCode>INVALID_TYPE</sf:exceptionCode>
              <sf:exceptionMessage>
ASA__ReleaseEnvironment__c  FROM ASA__MetadataLog__c where Id= &apos;a0161000002ELwT&apos;
                                 ^
ERROR at Row:1:Column:124
sObject type &apos;ASA__MetadataLog__c&apos; is not supported. If you are attempting to use a custom object, be sure to append the &apos;__c&apos; after the entity name. Please reference your WSDL or the describe call for the appropriate names.</sf:exceptionMessage>
              <sf:row>1</sf:row>
              <sf:column>124</sf:column>
          </sf:InvalidSObjectFault>
        </detail>
      </soapenv:Fault>
    </soapenv:Body>
  </soapenv:Envelope>
------------ Response end   ----------
WSC: Creating a new connection to https://na34.salesforce.com/services/Soap/c/33.0 Proxy = DIRECT username null
------------ Request start   ----------
<?xml version="1.0" encoding="UTF-8"?><env:Envelope
   xmlns:env="http://schemas.xmlsoap.org/soap/envelope/" xmlns:xsd="http://www.w3.org/2001/XMLSchema"
   xmlns:xsi="http://www.w3.org/2001/XMLSchema-instance">
 <env:Body>
  <m:login xmlns:m="urn:enterprise.soap.sforce.com" xmlns:sobj="urn:sobject.enterprise.soap.sforce.com">
   <m:username>skrishna@developertest.com</m:username>
   <m:password>infrascape3srAF8wqAps26TIYMXayRMYTl</m:password>
  </m:login>
 </env:Body>
</env:Envelope>
------------ Request end   ----------
null=[HTTP/1.1 200 OK]
Transfer-Encoding=[chunked]
Date=[Tue, 17 Nov 2015 10:53:45 GMT]
Expires=[Thu, 01 Jan 1970 00:00:00 GMT]
Content-Encoding=[gzip]
Set-Cookie=[BrowserId=DNenawh4SxefoZ2mGLlNFQ;Path=/;Domain=.salesforce.com;Expires=Sat, 16-Jan-2016 10:53:46 GMT]
Content-Type=[text/xml;charset=UTF-8]
------------ Response start ----------
  <?xml version="1.0" encoding="UTF-8"?>
    <soapenv:Envelope xmlns:soapenv="http://schemas.xmlsoap.org/soap/envelope/" xmlns="urn:enterprise.soap.sforce.com" xmlns:xsi="http://www.w3.org/2001/XMLSchema-instance">
      <soapenv:Body>
        <loginResponse>
          <result>
            <metadataServerUrl>https://na34.salesforce.com/services/Soap/m/33.0/00D61000000fBw4</metadataServerUrl>
            <passwordExpired>false</passwordExpired>
            <sandbox>false</sandbox>
            <serverUrl>https://na34.salesforce.com/services/Soap/c/33.0/00D61000000fBw4</serverUrl>
            <sessionId>00D61000000fBw4!AQoAQG4fQlwEfPRPj4SqHOINexMEcmMZJz11K9XTXN8BLx7FCV3R7OI0ZJx0q7wPZIUYJx9HPQ5s3UkoxD9KTjpsaLZV63G2</sessionId>
            <userId>00561000001Frs9AAC</userId>
            <userInfo>
              <accessibilityMode>false</accessibilityMode>
              <currencySymbol>$</currencySymbol>
              <orgAttachmentFileSizeLimit>5242880</orgAttachmentFileSizeLimit>
              <orgDefaultCurrencyIsoCode>USD</orgDefaultCurrencyIsoCode>
              <orgDisallowHtmlAttachments>false</orgDisallowHtmlAttachments>
              <orgHasPersonAccounts>false</orgHasPersonAccounts>
              <organizationId>00D61000000fBw4EAE</organizationId>
              <organizationMultiCurrency>false</organizationMultiCurrency>
              <organizationName>OnForce</organizationName>
              <profileId>00e610000015hPOAAY</profileId>
              <roleId>00E61000000PYokEAG</roleId>
              <sessionSecondsValid>7200</sessionSecondsValid>
              <userDefaultCurrencyIsoCode xsi:nil="true"/>
                <userEmail>skrishna@infrascape.com</userEmail>
                <userFullName>Sai</userFullName>
                <userId>00561000001Frs9AAC</userId>
                <userLanguage>en_US</userLanguage>
                <userLocale>en_US</userLocale>
                <userName>skrishna@developertest.com</userName>
                <userTimeZone>America/Los_Angeles</userTimeZone>
                <userType>Standard</userType>
                <userUiSkin>Theme3</userUiSkin>
            </userInfo>
          </result>
        </loginResponse>
      </soapenv:Body>
    </soapenv:Envelope>
------------ Response end   ----------
WSC: Creating a new connection to https://na34.salesforce.com/services/Soap/c/33.0/00D61000000fBw4 Proxy = DIRECT username null
------------ Request start   ----------
<?xml version="1.0" encoding="UTF-8"?><env:Envelope
   xmlns:env="http://schemas.xmlsoap.org/soap/envelope/" xmlns:xsd="http://www.w3.org/2001/XMLSchema"
   xmlns:xsi="http://www.w3.org/2001/XMLSchema-instance">
 <env:Header>
  <SessionHeader xmlns="urn:enterprise.soap.sforce.com">
   <sessionId>00D61000000fBw4!AQoAQG4fQlwEfPRPj4SqHOINexMEcmMZJz11K9XTXN8BLx7FCV3R7OI0ZJx0q7wPZIUYJx9HPQ5s3UkoxD9KTjpsaLZV63G2</sessionId>
  </SessionHeader>
 </env:Header>
 <env:Body>
  <m:query xmlns:m="urn:enterprise.soap.sforce.com" xmlns:sobj="urn:sobject.enterprise.soap.sforce.com">
   <m:queryString>SELECT Id, Name, Action__c,ID__c, Name__c, RecordId__c, Script__c,Status__c  FROM MetadataLog__c where Id= 'a0161000002ELwT'</m:queryString>
  </m:query>
 </env:Body>
</env:Envelope>
------------ Request end   ----------
null=[HTTP/1.1 200 OK]
Transfer-Encoding=[chunked]
Date=[Tue, 17 Nov 2015 10:53:47 GMT]
Expires=[Thu, 01 Jan 1970 00:00:00 GMT]
Content-Encoding=[gzip]
Set-Cookie=[BrowserId=-DDalqB3TcaCHIi2DWM7rw;Path=/;Domain=.salesforce.com;Expires=Sat, 16-Jan-2016 10:53:47 GMT]
Content-Type=[text/xml;charset=UTF-8]
------------ Response start ----------
  <?xml version="1.0" encoding="UTF-8"?>
    <soapenv:Envelope xmlns:soapenv="http://schemas.xmlsoap.org/soap/envelope/" xmlns="urn:enterprise.soap.sforce.com" xmlns:xsi="http://www.w3.org/2001/XMLSchema-instance" xmlns:sf="urn:sobject.enterprise.soap.sforce.com">
      <soapenv:Header>
        <LimitInfoHeader>
          <limitInfo>
            <current>1</current>
            <limit>15000</limit>
            <type>API REQUESTS</type>
        </limitInfo>
      </LimitInfoHeader>
    </soapenv:Header>
      <soapenv:Body>
        <queryResponse>
          <result>
            <done>true</done>
            <queryLocator xsi:nil="true"/>
              <records xsi:type="sf:MetadataLog__c">
                <sf:Id>a0161000002ELwTAAW</sf:Id>
                <sf:Action__c>ExecuteScript</sf:Action__c>
                <sf:Name>MD-0000000004</sf:Name>
                <sf:Name__c>test</sf:Name__c>
                <sf:RecordId__c>a0161000002ELwT</sf:RecordId__c>
                <sf:Status__c>Open</sf:Status__c>
            </records>
              <size>1</size>
          </result>
        </queryResponse>
      </soapenv:Body>
    </soapenv:Envelope>
------------ Response end   ----------
WSC: Creating a new connection to https://na34.salesforce.com/services/Soap/c/33.0/00D61000000fBw4 Proxy = DIRECT username null
------------ Request start   ----------
<?xml version="1.0" encoding="UTF-8"?><env:Envelope
   xmlns:env="http://schemas.xmlsoap.org/soap/envelope/" xmlns:xsd="http://www.w3.org/2001/XMLSchema"
   xmlns:xsi="http://www.w3.org/2001/XMLSchema-instance">
 <env:Header>
  <SessionHeader xmlns="urn:enterprise.soap.sforce.com">
   <sessionId>00D61000000fBw4!AQoAQG4fQlwEfPRPj4SqHOINexMEcmMZJz11K9XTXN8BLx7FCV3R7OI0ZJx0q7wPZIUYJx9HPQ5s3UkoxD9KTjpsaLZV63G2</sessionId>
  </SessionHeader>
 </env:Header>
 <env:Body>
  <m:update xmlns:m="urn:enterprise.soap.sforce.com" xmlns:sobj="urn:sobject.enterprise.soap.sforce.com">
   <m:sObjects xsi:type="sobj:MetadataLog__c">
    <sobj:Id>a0161000002ELwTAAW</sobj:Id>
    <sobj:Status__c>Completed</sobj:Status__c>
   </m:sObjects>
  </m:update>
 </env:Body>
</env:Envelope>
------------ Request end   ----------
null=[HTTP/1.1 200 OK]
Transfer-Encoding=[chunked]
Date=[Tue, 17 Nov 2015 10:53:49 GMT]
Expires=[Thu, 01 Jan 1970 00:00:00 GMT]
Content-Encoding=[gzip]
Set-Cookie=[BrowserId=q2pRRyzrR7ySijT7Zei0xQ;Path=/;Domain=.salesforce.com;Expires=Sat, 16-Jan-2016 10:53:49 GMT]
Content-Type=[text/xml;charset=UTF-8]
------------ Response start ----------
  <?xml version="1.0" encoding="UTF-8"?>
    <soapenv:Envelope xmlns:soapenv="http://schemas.xmlsoap.org/soap/envelope/" xmlns="urn:enterprise.soap.sforce.com">
      <soapenv:Header>
        <LimitInfoHeader>
          <limitInfo>
            <current>2</current>
            <limit>15000</limit>
            <type>API REQUESTS</type>
        </limitInfo>
      </LimitInfoHeader>
    </soapenv:Header>
      <soapenv:Body>
        <updateResponse>
          <result>
            <id>a0161000002ELwTAAW</id>
            <success>true</success>
        </result>
      </updateResponse>
    </soapenv:Body>
  </soapenv:Envelope>
------------ Response end   ----------
WSC: Creating a new connection to https://na34.salesforce.com/services/Soap/c/33.0 Proxy = DIRECT username null
------------ Request start   ----------
<?xml version="1.0" encoding="UTF-8"?><env:Envelope
   xmlns:env="http://schemas.xmlsoap.org/soap/envelope/" xmlns:xsd="http://www.w3.org/2001/XMLSchema"
   xmlns:xsi="http://www.w3.org/2001/XMLSchema-instance">
 <env:Body>
  <m:login xmlns:m="urn:enterprise.soap.sforce.com" xmlns:sobj="urn:sobject.enterprise.soap.sforce.com">
   <m:username>skrishna@developertest.com</m:username>
   <m:password>infrascape3srAF8wqAps26TIYMXayRMYTl</m:password>
  </m:login>
 </env:Body>
</env:Envelope>
------------ Request end   ----------
null=[HTTP/1.1 200 OK]
Transfer-Encoding=[chunked]
Date=[Tue, 17 Nov 2015 10:59:19 GMT]
Expires=[Thu, 01 Jan 1970 00:00:00 GMT]
Content-Encoding=[gzip]
Set-Cookie=[BrowserId=Jak1gULpTTSmWkvq50oLOQ;Path=/;Domain=.salesforce.com;Expires=Sat, 16-Jan-2016 10:59:20 GMT]
Content-Type=[text/xml;charset=UTF-8]
------------ Response start ----------
  <?xml version="1.0" encoding="UTF-8"?>
    <soapenv:Envelope xmlns:soapenv="http://schemas.xmlsoap.org/soap/envelope/" xmlns="urn:enterprise.soap.sforce.com" xmlns:xsi="http://www.w3.org/2001/XMLSchema-instance">
      <soapenv:Body>
        <loginResponse>
          <result>
            <metadataServerUrl>https://na34.salesforce.com/services/Soap/m/33.0/00D61000000fBw4</metadataServerUrl>
            <passwordExpired>false</passwordExpired>
            <sandbox>false</sandbox>
            <serverUrl>https://na34.salesforce.com/services/Soap/c/33.0/00D61000000fBw4</serverUrl>
            <sessionId>00D61000000fBw4!AQoAQG4fQlwEfPRPj4SqHOINexMEcmMZJz11K9XTXN8BLx7FCV3R7OI0ZJx0q7wPZIUYJx9HPQ5s3UkoxD9KTjpsaLZV63G2</sessionId>
            <userId>00561000001Frs9AAC</userId>
            <userInfo>
              <accessibilityMode>false</accessibilityMode>
              <currencySymbol>$</currencySymbol>
              <orgAttachmentFileSizeLimit>5242880</orgAttachmentFileSizeLimit>
              <orgDefaultCurrencyIsoCode>USD</orgDefaultCurrencyIsoCode>
              <orgDisallowHtmlAttachments>false</orgDisallowHtmlAttachments>
              <orgHasPersonAccounts>false</orgHasPersonAccounts>
              <organizationId>00D61000000fBw4EAE</organizationId>
              <organizationMultiCurrency>false</organizationMultiCurrency>
              <organizationName>OnForce</organizationName>
              <profileId>00e610000015hPOAAY</profileId>
              <roleId>00E61000000PYokEAG</roleId>
              <sessionSecondsValid>7200</sessionSecondsValid>
              <userDefaultCurrencyIsoCode xsi:nil="true"/>
                <userEmail>skrishna@infrascape.com</userEmail>
                <userFullName>Sai</userFullName>
                <userId>00561000001Frs9AAC</userId>
                <userLanguage>en_US</userLanguage>
                <userLocale>en_US</userLocale>
                <userName>skrishna@developertest.com</userName>
                <userTimeZone>America/Los_Angeles</userTimeZone>
                <userType>Standard</userType>
                <userUiSkin>Theme3</userUiSkin>
            </userInfo>
          </result>
        </loginResponse>
      </soapenv:Body>
    </soapenv:Envelope>
------------ Response end   ----------
WSC: Creating a new connection to https://na34.salesforce.com/services/Soap/c/33.0/00D61000000fBw4 Proxy = DIRECT username null
------------ Request start   ----------
<?xml version="1.0" encoding="UTF-8"?><env:Envelope
   xmlns:env="http://schemas.xmlsoap.org/soap/envelope/" xmlns:xsd="http://www.w3.org/2001/XMLSchema"
   xmlns:xsi="http://www.w3.org/2001/XMLSchema-instance">
 <env:Header>
  <SessionHeader xmlns="urn:enterprise.soap.sforce.com">
   <sessionId>00D61000000fBw4!AQoAQG4fQlwEfPRPj4SqHOINexMEcmMZJz11K9XTXN8BLx7FCV3R7OI0ZJx0q7wPZIUYJx9HPQ5s3UkoxD9KTjpsaLZV63G2</sessionId>
  </SessionHeader>
 </env:Header>
 <env:Body>
  <m:query xmlns:m="urn:enterprise.soap.sforce.com" xmlns:sobj="urn:sobject.enterprise.soap.sforce.com">
   <m:queryString>SELECT Id, Name, Action__c,ID__c, Name__c, RecordId__c, Script__c,Status__c  FROM MetadataLog__c where Id= 'a0161000002ELwT'</m:queryString>
  </m:query>
 </env:Body>
</env:Envelope>
------------ Request end   ----------
null=[HTTP/1.1 200 OK]
Transfer-Encoding=[chunked]
Date=[Tue, 17 Nov 2015 10:59:21 GMT]
Expires=[Thu, 01 Jan 1970 00:00:00 GMT]
Content-Encoding=[gzip]
Set-Cookie=[BrowserId=0VsGupkYQYS3u0_jyz-wOw;Path=/;Domain=.salesforce.com;Expires=Sat, 16-Jan-2016 10:59:21 GMT]
Content-Type=[text/xml;charset=UTF-8]
------------ Response start ----------
  <?xml version="1.0" encoding="UTF-8"?>
    <soapenv:Envelope xmlns:soapenv="http://schemas.xmlsoap.org/soap/envelope/" xmlns="urn:enterprise.soap.sforce.com" xmlns:xsi="http://www.w3.org/2001/XMLSchema-instance" xmlns:sf="urn:sobject.enterprise.soap.sforce.com">
      <soapenv:Header>
        <LimitInfoHeader>
          <limitInfo>
            <current>6</current>
            <limit>15000</limit>
            <type>API REQUESTS</type>
        </limitInfo>
      </LimitInfoHeader>
    </soapenv:Header>
      <soapenv:Body>
        <queryResponse>
          <result>
            <done>true</done>
            <queryLocator xsi:nil="true"/>
              <records xsi:type="sf:MetadataLog__c">
                <sf:Id>a0161000002ELwTAAW</sf:Id>
                <sf:Action__c>ExecuteScript</sf:Action__c>
                <sf:Name>MD-0000000004</sf:Name>
                <sf:Name__c>test</sf:Name__c>
                <sf:RecordId__c>a0161000002ELwT</sf:RecordId__c>
                <sf:Status__c>Completed</sf:Status__c>
            </records>
              <size>1</size>
          </result>
        </queryResponse>
      </soapenv:Body>
    </soapenv:Envelope>
------------ Response end   ----------
WSC: Creating a new connection to https://na34.salesforce.com/services/Soap/c/33.0/00D61000000fBw4 Proxy = DIRECT username null
------------ Request start   ----------
<?xml version="1.0" encoding="UTF-8"?><env:Envelope
   xmlns:env="http://schemas.xmlsoap.org/soap/envelope/" xmlns:xsd="http://www.w3.org/2001/XMLSchema"
   xmlns:xsi="http://www.w3.org/2001/XMLSchema-instance">
 <env:Header>
  <SessionHeader xmlns="urn:enterprise.soap.sforce.com">
   <sessionId>00D61000000fBw4!AQoAQG4fQlwEfPRPj4SqHOINexMEcmMZJz11K9XTXN8BLx7FCV3R7OI0ZJx0q7wPZIUYJx9HPQ5s3UkoxD9KTjpsaLZV63G2</sessionId>
  </SessionHeader>
 </env:Header>
 <env:Body>
  <m:update xmlns:m="urn:enterprise.soap.sforce.com" xmlns:sobj="urn:sobject.enterprise.soap.sforce.com">
   <m:sObjects xsi:type="sobj:MetadataLog__c">
    <sobj:Id>a0161000002ELwTAAW</sobj:Id>
    <sobj:Status__c>Completed</sobj:Status__c>
   </m:sObjects>
  </m:update>
 </env:Body>
</env:Envelope>
------------ Request end   ----------
null=[HTTP/1.1 200 OK]
Transfer-Encoding=[chunked]
Date=[Tue, 17 Nov 2015 10:59:23 GMT]
Expires=[Thu, 01 Jan 1970 00:00:00 GMT]
Content-Encoding=[gzip]
Set-Cookie=[BrowserId=0dfAlmECQ-OtYQv0EdzkUg;Path=/;Domain=.salesforce.com;Expires=Sat, 16-Jan-2016 10:59:23 GMT]
Content-Type=[text/xml;charset=UTF-8]
------------ Response start ----------
  <?xml version="1.0" encoding="UTF-8"?>
    <soapenv:Envelope xmlns:soapenv="http://schemas.xmlsoap.org/soap/envelope/" xmlns="urn:enterprise.soap.sforce.com">
      <soapenv:Header>
        <LimitInfoHeader>
          <limitInfo>
            <current>6</current>
            <limit>15000</limit>
            <type>API REQUESTS</type>
        </limitInfo>
      </LimitInfoHeader>
    </soapenv:Header>
      <soapenv:Body>
        <updateResponse>
          <result>
            <id>a0161000002ELwTAAW</id>
            <success>true</success>
        </result>
      </updateResponse>
    </soapenv:Body>
  </soapenv:Envelope>
------------ Response end   ----------
WSC: Creating a new connection to https://na34.salesforce.com/services/Soap/c/33.0 Proxy = DIRECT username null
------------ Request start   ----------
<?xml version="1.0" encoding="UTF-8"?><env:Envelope
   xmlns:env="http://schemas.xmlsoap.org/soap/envelope/" xmlns:xsd="http://www.w3.org/2001/XMLSchema"
   xmlns:xsi="http://www.w3.org/2001/XMLSchema-instance">
 <env:Body>
  <m:login xmlns:m="urn:enterprise.soap.sforce.com" xmlns:sobj="urn:sobject.enterprise.soap.sforce.com">
   <m:username>skrishna@developertest.com</m:username>
   <m:password>infrascape3srAF8wqAps26TIYMXayRMYTl</m:password>
  </m:login>
 </env:Body>
</env:Envelope>
------------ Request end   ----------
null=[HTTP/1.1 200 OK]
Transfer-Encoding=[chunked]
Date=[Tue, 17 Nov 2015 12:05:31 GMT]
Expires=[Thu, 01 Jan 1970 00:00:00 GMT]
Content-Encoding=[gzip]
Set-Cookie=[BrowserId=TNwFbjfSQrm1jWZP54Im3g;Path=/;Domain=.salesforce.com;Expires=Sat, 16-Jan-2016 12:05:31 GMT]
Content-Type=[text/xml;charset=UTF-8]
------------ Response start ----------
  <?xml version="1.0" encoding="UTF-8"?>
    <soapenv:Envelope xmlns:soapenv="http://schemas.xmlsoap.org/soap/envelope/" xmlns="urn:enterprise.soap.sforce.com" xmlns:xsi="http://www.w3.org/2001/XMLSchema-instance">
      <soapenv:Body>
        <loginResponse>
          <result>
            <metadataServerUrl>https://na34.salesforce.com/services/Soap/m/33.0/00D61000000fBw4</metadataServerUrl>
            <passwordExpired>false</passwordExpired>
            <sandbox>false</sandbox>
            <serverUrl>https://na34.salesforce.com/services/Soap/c/33.0/00D61000000fBw4</serverUrl>
            <sessionId>00D61000000fBw4!AQoAQG4fQlwEfPRPj4SqHOINexMEcmMZJz11K9XTXN8BLx7FCV3R7OI0ZJx0q7wPZIUYJx9HPQ5s3UkoxD9KTjpsaLZV63G2</sessionId>
            <userId>00561000001Frs9AAC</userId>
            <userInfo>
              <accessibilityMode>false</accessibilityMode>
              <currencySymbol>$</currencySymbol>
              <orgAttachmentFileSizeLimit>5242880</orgAttachmentFileSizeLimit>
              <orgDefaultCurrencyIsoCode>USD</orgDefaultCurrencyIsoCode>
              <orgDisallowHtmlAttachments>false</orgDisallowHtmlAttachments>
              <orgHasPersonAccounts>false</orgHasPersonAccounts>
              <organizationId>00D61000000fBw4EAE</organizationId>
              <organizationMultiCurrency>false</organizationMultiCurrency>
              <organizationName>OnForce</organizationName>
              <profileId>00e610000015hPOAAY</profileId>
              <roleId>00E61000000PYokEAG</roleId>
              <sessionSecondsValid>7200</sessionSecondsValid>
              <userDefaultCurrencyIsoCode xsi:nil="true"/>
                <userEmail>skrishna@infrascape.com</userEmail>
                <userFullName>Sai</userFullName>
                <userId>00561000001Frs9AAC</userId>
                <userLanguage>en_US</userLanguage>
                <userLocale>en_US</userLocale>
                <userName>skrishna@developertest.com</userName>
                <userTimeZone>America/Los_Angeles</userTimeZone>
                <userType>Standard</userType>
                <userUiSkin>Theme3</userUiSkin>
            </userInfo>
          </result>
        </loginResponse>
      </soapenv:Body>
    </soapenv:Envelope>
------------ Response end   ----------
WSC: Creating a new connection to https://na34.salesforce.com/services/Soap/c/33.0/00D61000000fBw4 Proxy = DIRECT username null
------------ Request start   ----------
<?xml version="1.0" encoding="UTF-8"?><env:Envelope
   xmlns:env="http://schemas.xmlsoap.org/soap/envelope/" xmlns:xsd="http://www.w3.org/2001/XMLSchema"
   xmlns:xsi="http://www.w3.org/2001/XMLSchema-instance">
 <env:Header>
  <SessionHeader xmlns="urn:enterprise.soap.sforce.com">
   <sessionId>00D61000000fBw4!AQoAQG4fQlwEfPRPj4SqHOINexMEcmMZJz11K9XTXN8BLx7FCV3R7OI0ZJx0q7wPZIUYJx9HPQ5s3UkoxD9KTjpsaLZV63G2</sessionId>
  </SessionHeader>
 </env:Header>
 <env:Body>
  <m:query xmlns:m="urn:enterprise.soap.sforce.com" xmlns:sobj="urn:sobject.enterprise.soap.sforce.com">
   <m:queryString>SELECT Id, Name, Action__c,ID__c, Name__c, RecordId__c, Script__c,Status__c  FROM MetadataLog__c where Id= 'a0161000002ELwT'</m:queryString>
  </m:query>
 </env:Body>
</env:Envelope>
------------ Request end   ----------
null=[HTTP/1.1 200 OK]
Transfer-Encoding=[chunked]
Date=[Tue, 17 Nov 2015 12:05:32 GMT]
Expires=[Thu, 01 Jan 1970 00:00:00 GMT]
Content-Encoding=[gzip]
Set-Cookie=[BrowserId=cLbymtERRd2rCuy-DC_VYQ;Path=/;Domain=.salesforce.com;Expires=Sat, 16-Jan-2016 12:05:32 GMT]
Content-Type=[text/xml;charset=UTF-8]
------------ Response start ----------
  <?xml version="1.0" encoding="UTF-8"?>
    <soapenv:Envelope xmlns:soapenv="http://schemas.xmlsoap.org/soap/envelope/" xmlns="urn:enterprise.soap.sforce.com" xmlns:xsi="http://www.w3.org/2001/XMLSchema-instance" xmlns:sf="urn:sobject.enterprise.soap.sforce.com">
      <soapenv:Header>
        <LimitInfoHeader>
          <limitInfo>
            <current>15</current>
            <limit>15000</limit>
            <type>API REQUESTS</type>
        </limitInfo>
      </LimitInfoHeader>
    </soapenv:Header>
      <soapenv:Body>
        <queryResponse>
          <result>
            <done>true</done>
            <queryLocator xsi:nil="true"/>
              <records xsi:type="sf:MetadataLog__c">
                <sf:Id>a0161000002ELwTAAW</sf:Id>
                <sf:Action__c>ExecuteScript</sf:Action__c>
                <sf:Name>MD-0000000004</sf:Name>
                <sf:Name__c>test</sf:Name__c>
                <sf:RecordId__c>a0161000002ELwT</sf:RecordId__c>
                <sf:Status__c>Completed</sf:Status__c>
            </records>
              <size>1</size>
          </result>
        </queryResponse>
      </soapenv:Body>
    </soapenv:Envelope>
------------ Response end   ----------
WSC: Creating a new connection to https://na34.salesforce.com/services/Soap/c/33.0/00D61000000fBw4 Proxy = DIRECT username null
------------ Request start   ----------
<?xml version="1.0" encoding="UTF-8"?><env:Envelope
   xmlns:env="http://schemas.xmlsoap.org/soap/envelope/" xmlns:xsd="http://www.w3.org/2001/XMLSchema"
   xmlns:xsi="http://www.w3.org/2001/XMLSchema-instance">
 <env:Header>
  <SessionHeader xmlns="urn:enterprise.soap.sforce.com">
   <sessionId>00D61000000fBw4!AQoAQG4fQlwEfPRPj4SqHOINexMEcmMZJz11K9XTXN8BLx7FCV3R7OI0ZJx0q7wPZIUYJx9HPQ5s3UkoxD9KTjpsaLZV63G2</sessionId>
  </SessionHeader>
 </env:Header>
 <env:Body>
  <m:update xmlns:m="urn:enterprise.soap.sforce.com" xmlns:sobj="urn:sobject.enterprise.soap.sforce.com">
   <m:sObjects xsi:type="sobj:MetadataLog__c">
    <sobj:Id>a0161000002ELwTAAW</sobj:Id>
    <sobj:Status__c>Completed</sobj:Status__c>
   </m:sObjects>
  </m:update>
 </env:Body>
</env:Envelope>
------------ Request end   ----------
null=[HTTP/1.1 200 OK]
Transfer-Encoding=[chunked]
Date=[Tue, 17 Nov 2015 12:05:33 GMT]
Expires=[Thu, 01 Jan 1970 00:00:00 GMT]
Content-Encoding=[gzip]
Set-Cookie=[BrowserId=3x-ACn61TaWMQDGCcdX9_w;Path=/;Domain=.salesforce.com;Expires=Sat, 16-Jan-2016 12:05:33 GMT]
Content-Type=[text/xml;charset=UTF-8]
------------ Response start ----------
  <?xml version="1.0" encoding="UTF-8"?>
    <soapenv:Envelope xmlns:soapenv="http://schemas.xmlsoap.org/soap/envelope/" xmlns="urn:enterprise.soap.sforce.com">
      <soapenv:Header>
        <LimitInfoHeader>
          <limitInfo>
            <current>15</current>
            <limit>15000</limit>
            <type>API REQUESTS</type>
        </limitInfo>
      </LimitInfoHeader>
    </soapenv:Header>
      <soapenv:Body>
        <updateResponse>
          <result>
            <id>a0161000002ELwTAAW</id>
            <success>true</success>
        </result>
      </updateResponse>
    </soapenv:Body>
  </soapenv:Envelope>
------------ Response end   ----------
WSC: Creating a new connection to https://na34.salesforce.com/services/Soap/c/33.0 Proxy = DIRECT username null
------------ Request start   ----------
<?xml version="1.0" encoding="UTF-8"?><env:Envelope
   xmlns:env="http://schemas.xmlsoap.org/soap/envelope/" xmlns:xsd="http://www.w3.org/2001/XMLSchema"
   xmlns:xsi="http://www.w3.org/2001/XMLSchema-instance">
 <env:Body>
  <m:login xmlns:m="urn:enterprise.soap.sforce.com" xmlns:sobj="urn:sobject.enterprise.soap.sforce.com">
   <m:username>skrishna@developertest.com</m:username>
   <m:password>infrascape3srAF8wqAps26TIYMXayRMYTl</m:password>
  </m:login>
 </env:Body>
</env:Envelope>
------------ Request end   ----------
null=[HTTP/1.1 500 Server Error]
Transfer-Encoding=[chunked]
Date=[Thu, 03 Dec 2015 04:50:50 GMT]
Expires=[Thu, 01 Jan 1970 00:00:00 GMT]
Set-Cookie=[BrowserId=lrYyKlOISQOCDAZfIuu4nQ;Path=/;Domain=.salesforce.com;Expires=Mon, 01-Feb-2016 04:50:50 GMT]
Content-Type=[text/xml;charset=UTF-8]
------------ Response start ----------
  <?xml version="1.0" encoding="UTF-8"?>
    <soapenv:Envelope xmlns:soapenv="http://schemas.xmlsoap.org/soap/envelope/" xmlns:sf="urn:fault.enterprise.soap.sforce.com" xmlns:xsi="http://www.w3.org/2001/XMLSchema-instance">
      <soapenv:Body>
        <soapenv:Fault>
          <faultcode>sf:INVALID_LOGIN</faultcode>
          <faultstring>INVALID_LOGIN: Invalid username, password, security token; or user locked out.</faultstring>
          <detail>
            <sf:LoginFault xsi:type="sf:LoginFault">
              <sf:exceptionCode>INVALID_LOGIN</sf:exceptionCode>
              <sf:exceptionMessage>Invalid username, password, security token; or user locked out.</sf:exceptionMessage>
          </sf:LoginFault>
        </detail>
      </soapenv:Fault>
    </soapenv:Body>
  </soapenv:Envelope>
------------ Response end   ----------
WSC: Creating a new connection to https://na34.salesforce.com/services/Soap/c/33.0 Proxy = DIRECT username null
------------ Request start   ----------
<?xml version="1.0" encoding="UTF-8"?><env:Envelope
   xmlns:env="http://schemas.xmlsoap.org/soap/envelope/" xmlns:xsd="http://www.w3.org/2001/XMLSchema"
   xmlns:xsi="http://www.w3.org/2001/XMLSchema-instance">
 <env:Body>
  <m:login xmlns:m="urn:enterprise.soap.sforce.com" xmlns:sobj="urn:sobject.enterprise.soap.sforce.com">
   <m:username>skrishna@developertest.com</m:username>
   <m:password>infrascape4YKyRvo9lxSLmmr20xAQ72zhI</m:password>
  </m:login>
 </env:Body>
</env:Envelope>
------------ Request end   ----------
null=[HTTP/1.1 200 OK]
Transfer-Encoding=[chunked]
Date=[Thu, 03 Dec 2015 04:51:45 GMT]
Expires=[Thu, 01 Jan 1970 00:00:00 GMT]
Content-Encoding=[gzip]
Set-Cookie=[BrowserId=GcafXigNSjiyo8sfQsDtTA;Path=/;Domain=.salesforce.com;Expires=Mon, 01-Feb-2016 04:51:45 GMT]
Content-Type=[text/xml;charset=UTF-8]
------------ Response start ----------
  <?xml version="1.0" encoding="UTF-8"?>
    <soapenv:Envelope xmlns:soapenv="http://schemas.xmlsoap.org/soap/envelope/" xmlns="urn:enterprise.soap.sforce.com" xmlns:xsi="http://www.w3.org/2001/XMLSchema-instance">
      <soapenv:Body>
        <loginResponse>
          <result>
            <metadataServerUrl>https://na34.salesforce.com/services/Soap/m/33.0/00D61000000fBw4</metadataServerUrl>
            <passwordExpired>false</passwordExpired>
            <sandbox>false</sandbox>
            <serverUrl>https://na34.salesforce.com/services/Soap/c/33.0/00D61000000fBw4</serverUrl>
            <sessionId>00D61000000fBw4!AQoAQNx3GRpU5soVKCnlgmgRvSILXfA54nRs1FUkV.hJs6CdnEnvnwFivXTTnjksExSvcsqiVohrz4J9VtYQdo2K4kfGNuQs</sessionId>
            <userId>00561000001Frs9AAC</userId>
            <userInfo>
              <accessibilityMode>false</accessibilityMode>
              <currencySymbol>$</currencySymbol>
              <orgAttachmentFileSizeLimit>5242880</orgAttachmentFileSizeLimit>
              <orgDefaultCurrencyIsoCode>USD</orgDefaultCurrencyIsoCode>
              <orgDisallowHtmlAttachments>false</orgDisallowHtmlAttachments>
              <orgHasPersonAccounts>false</orgHasPersonAccounts>
              <organizationId>00D61000000fBw4EAE</organizationId>
              <organizationMultiCurrency>false</organizationMultiCurrency>
              <organizationName>OnForce</organizationName>
              <profileId>00e610000015hPOAAY</profileId>
              <roleId>00E61000000PYokEAG</roleId>
              <sessionSecondsValid>7200</sessionSecondsValid>
              <userDefaultCurrencyIsoCode xsi:nil="true"/>
                <userEmail>skrishna@infrascape.com</userEmail>
                <userFullName>Sai</userFullName>
                <userId>00561000001Frs9AAC</userId>
                <userLanguage>en_US</userLanguage>
                <userLocale>en_US</userLocale>
                <userName>skrishna@developertest.com</userName>
                <userTimeZone>America/Los_Angeles</userTimeZone>
                <userType>Standard</userType>
                <userUiSkin>Theme3</userUiSkin>
            </userInfo>
          </result>
        </loginResponse>
      </soapenv:Body>
    </soapenv:Envelope>
------------ Response end   ----------
WSC: Creating a new connection to https://na34.salesforce.com/services/Soap/c/33.0/00D61000000fBw4 Proxy = DIRECT username null
------------ Request start   ----------
<?xml version="1.0" encoding="UTF-8"?><env:Envelope
   xmlns:env="http://schemas.xmlsoap.org/soap/envelope/" xmlns:xsd="http://www.w3.org/2001/XMLSchema"
   xmlns:xsi="http://www.w3.org/2001/XMLSchema-instance">
 <env:Header>
  <SessionHeader xmlns="urn:enterprise.soap.sforce.com">
   <sessionId>00D61000000fBw4!AQoAQNx3GRpU5soVKCnlgmgRvSILXfA54nRs1FUkV.hJs6CdnEnvnwFivXTTnjksExSvcsqiVohrz4J9VtYQdo2K4kfGNuQs</sessionId>
  </SessionHeader>
 </env:Header>
 <env:Body>
  <m:query xmlns:m="urn:enterprise.soap.sforce.com" xmlns:sobj="urn:sobject.enterprise.soap.sforce.com">
   <m:queryString>SELECT Id, Name, Action__c,ID__c, Name__c, RecordId__c, Script__c,Status__c  FROM MetadataLog__c where Id= 'a0161000002rayc'</m:queryString>
  </m:query>
 </env:Body>
</env:Envelope>
------------ Request end   ----------
null=[HTTP/1.1 200 OK]
Transfer-Encoding=[chunked]
Date=[Thu, 03 Dec 2015 04:51:46 GMT]
Expires=[Thu, 01 Jan 1970 00:00:00 GMT]
Content-Encoding=[gzip]
Set-Cookie=[BrowserId=slxQdge6TLindKsp78lMUg;Path=/;Domain=.salesforce.com;Expires=Mon, 01-Feb-2016 04:51:46 GMT]
Content-Type=[text/xml;charset=UTF-8]
------------ Response start ----------
  <?xml version="1.0" encoding="UTF-8"?>
    <soapenv:Envelope xmlns:soapenv="http://schemas.xmlsoap.org/soap/envelope/" xmlns="urn:enterprise.soap.sforce.com" xmlns:xsi="http://www.w3.org/2001/XMLSchema-instance" xmlns:sf="urn:sobject.enterprise.soap.sforce.com">
      <soapenv:Header>
        <LimitInfoHeader>
          <limitInfo>
            <current>7</current>
            <limit>15000</limit>
            <type>API REQUESTS</type>
        </limitInfo>
      </LimitInfoHeader>
    </soapenv:Header>
      <soapenv:Body>
        <queryResponse>
          <result>
            <done>true</done>
            <queryLocator xsi:nil="true"/>
              <records xsi:type="sf:MetadataLog__c">
                <sf:Id>a0161000002raycAAA</sf:Id>
                <sf:Action__c>ExecuteScript</sf:Action__c>
                <sf:Name>MD-0000000011</sf:Name>
                <sf:Name__c>seliniumtest</sf:Name__c>
                <sf:RecordId__c>a0161000002rayc</sf:RecordId__c>
                <sf:Status__c>Open</sf:Status__c>
            </records>
              <size>1</size>
          </result>
        </queryResponse>
      </soapenv:Body>
    </soapenv:Envelope>
------------ Response end   ----------
WSC: Creating a new connection to https://na34.salesforce.com/services/Soap/c/33.0/00D61000000fBw4 Proxy = DIRECT username null
------------ Request start   ----------
<?xml version="1.0" encoding="UTF-8"?><env:Envelope
   xmlns:env="http://schemas.xmlsoap.org/soap/envelope/" xmlns:xsd="http://www.w3.org/2001/XMLSchema"
   xmlns:xsi="http://www.w3.org/2001/XMLSchema-instance">
 <env:Header>
  <SessionHeader xmlns="urn:enterprise.soap.sforce.com">
   <sessionId>00D61000000fBw4!AQoAQNx3GRpU5soVKCnlgmgRvSILXfA54nRs1FUkV.hJs6CdnEnvnwFivXTTnjksExSvcsqiVohrz4J9VtYQdo2K4kfGNuQs</sessionId>
  </SessionHeader>
 </env:Header>
 <env:Body>
  <m:update xmlns:m="urn:enterprise.soap.sforce.com" xmlns:sobj="urn:sobject.enterprise.soap.sforce.com">
   <m:sObjects xsi:type="sobj:MetadataLog__c">
    <sobj:Id>a0161000002raycAAA</sobj:Id>
    <sobj:Status__c>Completed</sobj:Status__c>
   </m:sObjects>
  </m:update>
 </env:Body>
</env:Envelope>
------------ Request end   ----------
null=[HTTP/1.1 200 OK]
Transfer-Encoding=[chunked]
Date=[Thu, 03 Dec 2015 04:51:47 GMT]
Expires=[Thu, 01 Jan 1970 00:00:00 GMT]
Content-Encoding=[gzip]
Set-Cookie=[BrowserId=J1Zq4OjkQPeoHWWxpI94FA;Path=/;Domain=.salesforce.com;Expires=Mon, 01-Feb-2016 04:51:47 GMT]
Content-Type=[text/xml;charset=UTF-8]
------------ Response start ----------
  <?xml version="1.0" encoding="UTF-8"?>
    <soapenv:Envelope xmlns:soapenv="http://schemas.xmlsoap.org/soap/envelope/" xmlns="urn:enterprise.soap.sforce.com">
      <soapenv:Header>
        <LimitInfoHeader>
          <limitInfo>
            <current>7</current>
            <limit>15000</limit>
            <type>API REQUESTS</type>
        </limitInfo>
      </LimitInfoHeader>
    </soapenv:Header>
      <soapenv:Body>
        <updateResponse>
          <result>
            <id>a0161000002raycAAA</id>
            <success>true</success>
        </result>
      </updateResponse>
    </soapenv:Body>
  </soapenv:Envelope>
------------ Response end   ----------
WSC: Creating a new connection to https://na34.salesforce.com/services/Soap/c/33.0 Proxy = DIRECT username null
------------ Request start   ----------
<?xml version="1.0" encoding="UTF-8"?><env:Envelope
   xmlns:env="http://schemas.xmlsoap.org/soap/envelope/" xmlns:xsd="http://www.w3.org/2001/XMLSchema"
   xmlns:xsi="http://www.w3.org/2001/XMLSchema-instance">
 <env:Body>
  <m:login xmlns:m="urn:enterprise.soap.sforce.com" xmlns:sobj="urn:sobject.enterprise.soap.sforce.com">
   <m:username>skrishna@developertest.com</m:username>
   <m:password>infrascape4YKyRvo9lxSLmmr20xAQ72zhI</m:password>
  </m:login>
 </env:Body>
</env:Envelope>
------------ Request end   ----------
null=[HTTP/1.1 200 OK]
Transfer-Encoding=[chunked]
Date=[Thu, 03 Dec 2015 08:22:10 GMT]
Expires=[Thu, 01 Jan 1970 00:00:00 GMT]
Content-Encoding=[gzip]
Set-Cookie=[BrowserId=l0i-iRkDSYWhnI5uwYfgRA;Path=/;Domain=.salesforce.com;Expires=Mon, 01-Feb-2016 08:22:10 GMT]
Content-Type=[text/xml;charset=UTF-8]
------------ Response start ----------
  <?xml version="1.0" encoding="UTF-8"?>
    <soapenv:Envelope xmlns:soapenv="http://schemas.xmlsoap.org/soap/envelope/" xmlns="urn:enterprise.soap.sforce.com" xmlns:xsi="http://www.w3.org/2001/XMLSchema-instance">
      <soapenv:Body>
        <loginResponse>
          <result>
            <metadataServerUrl>https://na34.salesforce.com/services/Soap/m/33.0/00D61000000fBw4</metadataServerUrl>
            <passwordExpired>false</passwordExpired>
            <sandbox>false</sandbox>
            <serverUrl>https://na34.salesforce.com/services/Soap/c/33.0/00D61000000fBw4</serverUrl>
            <sessionId>00D61000000fBw4!AQoAQKhANvYLUPzFIw4byquvyZw0xtuSC9V7Vg95qGpwcdNicKpHwYYQh4oMkvnIzzwUo6XWMx0LQq2z__91.D3PMkXTSw3o</sessionId>
            <userId>00561000001Frs9AAC</userId>
            <userInfo>
              <accessibilityMode>false</accessibilityMode>
              <currencySymbol>$</currencySymbol>
              <orgAttachmentFileSizeLimit>5242880</orgAttachmentFileSizeLimit>
              <orgDefaultCurrencyIsoCode>USD</orgDefaultCurrencyIsoCode>
              <orgDisallowHtmlAttachments>false</orgDisallowHtmlAttachments>
              <orgHasPersonAccounts>false</orgHasPersonAccounts>
              <organizationId>00D61000000fBw4EAE</organizationId>
              <organizationMultiCurrency>false</organizationMultiCurrency>
              <organizationName>OnForce</organizationName>
              <profileId>00e610000015hPOAAY</profileId>
              <roleId>00E61000000PYokEAG</roleId>
              <sessionSecondsValid>7200</sessionSecondsValid>
              <userDefaultCurrencyIsoCode xsi:nil="true"/>
                <userEmail>skrishna@infrascape.com</userEmail>
                <userFullName>Sai</userFullName>
                <userId>00561000001Frs9AAC</userId>
                <userLanguage>en_US</userLanguage>
                <userLocale>en_US</userLocale>
                <userName>skrishna@developertest.com</userName>
                <userTimeZone>America/Los_Angeles</userTimeZone>
                <userType>Standard</userType>
                <userUiSkin>Theme3</userUiSkin>
            </userInfo>
          </result>
        </loginResponse>
      </soapenv:Body>
    </soapenv:Envelope>
------------ Response end   ----------
WSC: Creating a new connection to https://na34.salesforce.com/services/Soap/c/33.0/00D61000000fBw4 Proxy = DIRECT username null
------------ Request start   ----------
<?xml version="1.0" encoding="UTF-8"?><env:Envelope
   xmlns:env="http://schemas.xmlsoap.org/soap/envelope/" xmlns:xsd="http://www.w3.org/2001/XMLSchema"
   xmlns:xsi="http://www.w3.org/2001/XMLSchema-instance">
 <env:Header>
  <SessionHeader xmlns="urn:enterprise.soap.sforce.com">
   <sessionId>00D61000000fBw4!AQoAQKhANvYLUPzFIw4byquvyZw0xtuSC9V7Vg95qGpwcdNicKpHwYYQh4oMkvnIzzwUo6XWMx0LQq2z__91.D3PMkXTSw3o</sessionId>
  </SessionHeader>
 </env:Header>
 <env:Body>
  <m:query xmlns:m="urn:enterprise.soap.sforce.com" xmlns:sobj="urn:sobject.enterprise.soap.sforce.com">
   <m:queryString>SELECT Id, Name, Action__c,ID__c, Name__c, RecordId__c, Script__c,Status__c  FROM MetadataLog__c where Id= 'a0161000002rayc'</m:queryString>
  </m:query>
 </env:Body>
</env:Envelope>
------------ Request end   ----------
null=[HTTP/1.1 200 OK]
Transfer-Encoding=[chunked]
Date=[Thu, 03 Dec 2015 08:22:11 GMT]
Expires=[Thu, 01 Jan 1970 00:00:00 GMT]
Content-Encoding=[gzip]
Set-Cookie=[BrowserId=hCh7-En6QgmQLZy5rfvscA;Path=/;Domain=.salesforce.com;Expires=Mon, 01-Feb-2016 08:22:11 GMT]
Content-Type=[text/xml;charset=UTF-8]
------------ Response start ----------
  <?xml version="1.0" encoding="UTF-8"?>
    <soapenv:Envelope xmlns:soapenv="http://schemas.xmlsoap.org/soap/envelope/" xmlns="urn:enterprise.soap.sforce.com" xmlns:xsi="http://www.w3.org/2001/XMLSchema-instance" xmlns:sf="urn:sobject.enterprise.soap.sforce.com">
      <soapenv:Header>
        <LimitInfoHeader>
          <limitInfo>
            <current>19</current>
            <limit>15000</limit>
            <type>API REQUESTS</type>
        </limitInfo>
      </LimitInfoHeader>
    </soapenv:Header>
      <soapenv:Body>
        <queryResponse>
          <result>
            <done>true</done>
            <queryLocator xsi:nil="true"/>
              <records xsi:type="sf:MetadataLog__c">
                <sf:Id>a0161000002raycAAA</sf:Id>
                <sf:Action__c>ExecuteScript</sf:Action__c>
                <sf:Name>MD-0000000011</sf:Name>
                <sf:Name__c>seliniumtest</sf:Name__c>
                <sf:RecordId__c>a0161000002rayc</sf:RecordId__c>
                <sf:Status__c>Completed</sf:Status__c>
            </records>
              <size>1</size>
          </result>
        </queryResponse>
      </soapenv:Body>
    </soapenv:Envelope>
------------ Response end   ----------
WSC: Creating a new connection to https://na34.salesforce.com/services/Soap/c/33.0/00D61000000fBw4 Proxy = DIRECT username null
------------ Request start   ----------
<?xml version="1.0" encoding="UTF-8"?><env:Envelope
   xmlns:env="http://schemas.xmlsoap.org/soap/envelope/" xmlns:xsd="http://www.w3.org/2001/XMLSchema"
   xmlns:xsi="http://www.w3.org/2001/XMLSchema-instance">
 <env:Header>
  <SessionHeader xmlns="urn:enterprise.soap.sforce.com">
   <sessionId>00D61000000fBw4!AQoAQKhANvYLUPzFIw4byquvyZw0xtuSC9V7Vg95qGpwcdNicKpHwYYQh4oMkvnIzzwUo6XWMx0LQq2z__91.D3PMkXTSw3o</sessionId>
  </SessionHeader>
 </env:Header>
 <env:Body>
  <m:update xmlns:m="urn:enterprise.soap.sforce.com" xmlns:sobj="urn:sobject.enterprise.soap.sforce.com">
   <m:sObjects xsi:type="sobj:MetadataLog__c">
    <sobj:Id>a0161000002raycAAA</sobj:Id>
    <sobj:Message__c>successfully testcase Processed</sobj:Message__c>
    <sobj:Status__c>Completed</sobj:Status__c>
   </m:sObjects>
  </m:update>
 </env:Body>
</env:Envelope>
------------ Request end   ----------
null=[HTTP/1.1 200 OK]
Transfer-Encoding=[chunked]
Date=[Thu, 03 Dec 2015 08:22:12 GMT]
Expires=[Thu, 01 Jan 1970 00:00:00 GMT]
Content-Encoding=[gzip]
Set-Cookie=[BrowserId=SPQ80TGtQ2OqhGZxegm3yg;Path=/;Domain=.salesforce.com;Expires=Mon, 01-Feb-2016 08:22:12 GMT]
Content-Type=[text/xml;charset=UTF-8]
------------ Response start ----------
  <?xml version="1.0" encoding="UTF-8"?>
    <soapenv:Envelope xmlns:soapenv="http://schemas.xmlsoap.org/soap/envelope/" xmlns="urn:enterprise.soap.sforce.com">
      <soapenv:Header>
        <LimitInfoHeader>
          <limitInfo>
            <current>19</current>
            <limit>15000</limit>
            <type>API REQUESTS</type>
        </limitInfo>
      </LimitInfoHeader>
    </soapenv:Header>
      <soapenv:Body>
        <updateResponse>
          <result>
            <id>a0161000002raycAAA</id>
            <success>true</success>
        </result>
      </updateResponse>
    </soapenv:Body>
  </soapenv:Envelope>
------------ Response end   ----------
WSC: Creating a new connection to https://na34.salesforce.com/services/Soap/c/33.0 Proxy = DIRECT username null
------------ Request start   ----------
<?xml version="1.0" encoding="UTF-8"?><env:Envelope
   xmlns:env="http://schemas.xmlsoap.org/soap/envelope/" xmlns:xsd="http://www.w3.org/2001/XMLSchema"
   xmlns:xsi="http://www.w3.org/2001/XMLSchema-instance">
 <env:Body>
  <m:login xmlns:m="urn:enterprise.soap.sforce.com" xmlns:sobj="urn:sobject.enterprise.soap.sforce.com">
   <m:username>skrishna@developertest.com</m:username>
   <m:password>infrascape4YKyRvo9lxSLmmr20xAQ72zhI</m:password>
  </m:login>
 </env:Body>
</env:Envelope>
------------ Request end   ----------
null=[HTTP/1.1 200 OK]
Transfer-Encoding=[chunked]
Date=[Thu, 03 Dec 2015 08:29:31 GMT]
Expires=[Thu, 01 Jan 1970 00:00:00 GMT]
Content-Encoding=[gzip]
Set-Cookie=[BrowserId=_jOjwEkSQei_XdF_i23J2Q;Path=/;Domain=.salesforce.com;Expires=Mon, 01-Feb-2016 08:29:31 GMT]
Content-Type=[text/xml;charset=UTF-8]
------------ Response start ----------
  <?xml version="1.0" encoding="UTF-8"?>
    <soapenv:Envelope xmlns:soapenv="http://schemas.xmlsoap.org/soap/envelope/" xmlns="urn:enterprise.soap.sforce.com" xmlns:xsi="http://www.w3.org/2001/XMLSchema-instance">
      <soapenv:Body>
        <loginResponse>
          <result>
            <metadataServerUrl>https://na34.salesforce.com/services/Soap/m/33.0/00D61000000fBw4</metadataServerUrl>
            <passwordExpired>false</passwordExpired>
            <sandbox>false</sandbox>
            <serverUrl>https://na34.salesforce.com/services/Soap/c/33.0/00D61000000fBw4</serverUrl>
            <sessionId>00D61000000fBw4!AQoAQKhANvYLUPzFIw4byquvyZw0xtuSC9V7Vg95qGpwcdNicKpHwYYQh4oMkvnIzzwUo6XWMx0LQq2z__91.D3PMkXTSw3o</sessionId>
            <userId>00561000001Frs9AAC</userId>
            <userInfo>
              <accessibilityMode>false</accessibilityMode>
              <currencySymbol>$</currencySymbol>
              <orgAttachmentFileSizeLimit>5242880</orgAttachmentFileSizeLimit>
              <orgDefaultCurrencyIsoCode>USD</orgDefaultCurrencyIsoCode>
              <orgDisallowHtmlAttachments>false</orgDisallowHtmlAttachments>
              <orgHasPersonAccounts>false</orgHasPersonAccounts>
              <organizationId>00D61000000fBw4EAE</organizationId>
              <organizationMultiCurrency>false</organizationMultiCurrency>
              <organizationName>OnForce</organizationName>
              <profileId>00e610000015hPOAAY</profileId>
              <roleId>00E61000000PYokEAG</roleId>
              <sessionSecondsValid>7200</sessionSecondsValid>
              <userDefaultCurrencyIsoCode xsi:nil="true"/>
                <userEmail>skrishna@infrascape.com</userEmail>
                <userFullName>Sai</userFullName>
                <userId>00561000001Frs9AAC</userId>
                <userLanguage>en_US</userLanguage>
                <userLocale>en_US</userLocale>
                <userName>skrishna@developertest.com</userName>
                <userTimeZone>America/Los_Angeles</userTimeZone>
                <userType>Standard</userType>
                <userUiSkin>Theme3</userUiSkin>
            </userInfo>
          </result>
        </loginResponse>
      </soapenv:Body>
    </soapenv:Envelope>
------------ Response end   ----------
WSC: Creating a new connection to https://na34.salesforce.com/services/Soap/c/33.0/00D61000000fBw4 Proxy = DIRECT username null
------------ Request start   ----------
<?xml version="1.0" encoding="UTF-8"?><env:Envelope
   xmlns:env="http://schemas.xmlsoap.org/soap/envelope/" xmlns:xsd="http://www.w3.org/2001/XMLSchema"
   xmlns:xsi="http://www.w3.org/2001/XMLSchema-instance">
 <env:Header>
  <SessionHeader xmlns="urn:enterprise.soap.sforce.com">
   <sessionId>00D61000000fBw4!AQoAQKhANvYLUPzFIw4byquvyZw0xtuSC9V7Vg95qGpwcdNicKpHwYYQh4oMkvnIzzwUo6XWMx0LQq2z__91.D3PMkXTSw3o</sessionId>
  </SessionHeader>
 </env:Header>
 <env:Body>
  <m:query xmlns:m="urn:enterprise.soap.sforce.com" xmlns:sobj="urn:sobject.enterprise.soap.sforce.com">
   <m:queryString>SELECT Id, Name, Action__c,ID__c, Name__c, RecordId__c, Script__c,Status__c  FROM MetadataLog__c where Id= 'a0161000002rayc'</m:queryString>
  </m:query>
 </env:Body>
</env:Envelope>
------------ Request end   ----------
null=[HTTP/1.1 200 OK]
Transfer-Encoding=[chunked]
Date=[Thu, 03 Dec 2015 08:29:32 GMT]
Expires=[Thu, 01 Jan 1970 00:00:00 GMT]
Content-Encoding=[gzip]
Set-Cookie=[BrowserId=b4BkI108Seezddv6KcSS1w;Path=/;Domain=.salesforce.com;Expires=Mon, 01-Feb-2016 08:29:32 GMT]
Content-Type=[text/xml;charset=UTF-8]
------------ Response start ----------
  <?xml version="1.0" encoding="UTF-8"?>
    <soapenv:Envelope xmlns:soapenv="http://schemas.xmlsoap.org/soap/envelope/" xmlns="urn:enterprise.soap.sforce.com" xmlns:xsi="http://www.w3.org/2001/XMLSchema-instance" xmlns:sf="urn:sobject.enterprise.soap.sforce.com">
      <soapenv:Header>
        <LimitInfoHeader>
          <limitInfo>
            <current>22</current>
            <limit>15000</limit>
            <type>API REQUESTS</type>
        </limitInfo>
      </LimitInfoHeader>
    </soapenv:Header>
      <soapenv:Body>
        <queryResponse>
          <result>
            <done>true</done>
            <queryLocator xsi:nil="true"/>
              <records xsi:type="sf:MetadataLog__c">
                <sf:Id>a0161000002raycAAA</sf:Id>
                <sf:Action__c>ExecuteScript</sf:Action__c>
                <sf:Name>MD-0000000011</sf:Name>
                <sf:Name__c>seliniumtest</sf:Name__c>
                <sf:RecordId__c>a0161000002rayc</sf:RecordId__c>
                <sf:Status__c>Completed</sf:Status__c>
            </records>
              <size>1</size>
          </result>
        </queryResponse>
      </soapenv:Body>
    </soapenv:Envelope>
------------ Response end   ----------
WSC: Creating a new connection to https://na34.salesforce.com/services/Soap/c/33.0/00D61000000fBw4 Proxy = DIRECT username null
------------ Request start   ----------
<?xml version="1.0" encoding="UTF-8"?><env:Envelope
   xmlns:env="http://schemas.xmlsoap.org/soap/envelope/" xmlns:xsd="http://www.w3.org/2001/XMLSchema"
   xmlns:xsi="http://www.w3.org/2001/XMLSchema-instance">
 <env:Header>
  <SessionHeader xmlns="urn:enterprise.soap.sforce.com">
   <sessionId>00D61000000fBw4!AQoAQKhANvYLUPzFIw4byquvyZw0xtuSC9V7Vg95qGpwcdNicKpHwYYQh4oMkvnIzzwUo6XWMx0LQq2z__91.D3PMkXTSw3o</sessionId>
  </SessionHeader>
 </env:Header>
 <env:Body>
  <m:update xmlns:m="urn:enterprise.soap.sforce.com" xmlns:sobj="urn:sobject.enterprise.soap.sforce.com">
   <m:sObjects xsi:type="sobj:MetadataLog__c">
    <sobj:Id>a0161000002raycAAA</sobj:Id>
    <sobj:Message__c>successfully testcase Processed</sobj:Message__c>
    <sobj:Status__c>Completed</sobj:Status__c>
   </m:sObjects>
  </m:update>
 </env:Body>
</env:Envelope>
------------ Request end   ----------
null=[HTTP/1.1 200 OK]
Transfer-Encoding=[chunked]
Date=[Thu, 03 Dec 2015 08:29:33 GMT]
Expires=[Thu, 01 Jan 1970 00:00:00 GMT]
Content-Encoding=[gzip]
Set-Cookie=[BrowserId=iqnct00rQ564i6Sly_zsXQ;Path=/;Domain=.salesforce.com;Expires=Mon, 01-Feb-2016 08:29:33 GMT]
Content-Type=[text/xml;charset=UTF-8]
------------ Response start ----------
  <?xml version="1.0" encoding="UTF-8"?>
    <soapenv:Envelope xmlns:soapenv="http://schemas.xmlsoap.org/soap/envelope/" xmlns="urn:enterprise.soap.sforce.com">
      <soapenv:Header>
        <LimitInfoHeader>
          <limitInfo>
            <current>22</current>
            <limit>15000</limit>
            <type>API REQUESTS</type>
        </limitInfo>
      </LimitInfoHeader>
    </soapenv:Header>
      <soapenv:Body>
        <updateResponse>
          <result>
            <id>a0161000002raycAAA</id>
            <success>true</success>
        </result>
      </updateResponse>
    </soapenv:Body>
  </soapenv:Envelope>
------------ Response end   ----------
WSC: Creating a new connection to https://na34.salesforce.com/services/Soap/c/33.0 Proxy = DIRECT username null
------------ Request start   ----------
<?xml version="1.0" encoding="UTF-8"?><env:Envelope
   xmlns:env="http://schemas.xmlsoap.org/soap/envelope/" xmlns:xsd="http://www.w3.org/2001/XMLSchema"
   xmlns:xsi="http://www.w3.org/2001/XMLSchema-instance">
 <env:Body>
  <m:login xmlns:m="urn:enterprise.soap.sforce.com" xmlns:sobj="urn:sobject.enterprise.soap.sforce.com">
   <m:username>skrishna@developertest.com</m:username>
   <m:password>infrascape4YKyRvo9lxSLmmr20xAQ72zhI</m:password>
  </m:login>
 </env:Body>
</env:Envelope>
------------ Request end   ----------
null=[HTTP/1.1 200 OK]
Transfer-Encoding=[chunked]
Date=[Thu, 03 Dec 2015 09:44:38 GMT]
Expires=[Thu, 01 Jan 1970 00:00:00 GMT]
Content-Encoding=[gzip]
Set-Cookie=[BrowserId=HXWnyKkiSwKC7UZr34Q_WA;Path=/;Domain=.salesforce.com;Expires=Mon, 01-Feb-2016 09:44:38 GMT]
Content-Type=[text/xml;charset=UTF-8]
------------ Response start ----------
  <?xml version="1.0" encoding="UTF-8"?>
    <soapenv:Envelope xmlns:soapenv="http://schemas.xmlsoap.org/soap/envelope/" xmlns="urn:enterprise.soap.sforce.com" xmlns:xsi="http://www.w3.org/2001/XMLSchema-instance">
      <soapenv:Body>
        <loginResponse>
          <result>
            <metadataServerUrl>https://na34.salesforce.com/services/Soap/m/33.0/00D61000000fBw4</metadataServerUrl>
            <passwordExpired>false</passwordExpired>
            <sandbox>false</sandbox>
            <serverUrl>https://na34.salesforce.com/services/Soap/c/33.0/00D61000000fBw4</serverUrl>
            <sessionId>00D61000000fBw4!AQoAQKhANvYLUPzFIw4byquvyZw0xtuSC9V7Vg95qGpwcdNicKpHwYYQh4oMkvnIzzwUo6XWMx0LQq2z__91.D3PMkXTSw3o</sessionId>
            <userId>00561000001Frs9AAC</userId>
            <userInfo>
              <accessibilityMode>false</accessibilityMode>
              <currencySymbol>$</currencySymbol>
              <orgAttachmentFileSizeLimit>5242880</orgAttachmentFileSizeLimit>
              <orgDefaultCurrencyIsoCode>USD</orgDefaultCurrencyIsoCode>
              <orgDisallowHtmlAttachments>false</orgDisallowHtmlAttachments>
              <orgHasPersonAccounts>false</orgHasPersonAccounts>
              <organizationId>00D61000000fBw4EAE</organizationId>
              <organizationMultiCurrency>false</organizationMultiCurrency>
              <organizationName>OnForce</organizationName>
              <profileId>00e610000015hPOAAY</profileId>
              <roleId>00E61000000PYokEAG</roleId>
              <sessionSecondsValid>7200</sessionSecondsValid>
              <userDefaultCurrencyIsoCode xsi:nil="true"/>
                <userEmail>skrishna@infrascape.com</userEmail>
                <userFullName>Sai</userFullName>
                <userId>00561000001Frs9AAC</userId>
                <userLanguage>en_US</userLanguage>
                <userLocale>en_US</userLocale>
                <userName>skrishna@developertest.com</userName>
                <userTimeZone>America/Los_Angeles</userTimeZone>
                <userType>Standard</userType>
                <userUiSkin>Theme3</userUiSkin>
            </userInfo>
          </result>
        </loginResponse>
      </soapenv:Body>
    </soapenv:Envelope>
------------ Response end   ----------
WSC: Creating a new connection to https://na34.salesforce.com/services/Soap/c/33.0/00D61000000fBw4 Proxy = DIRECT username null
------------ Request start   ----------
<?xml version="1.0" encoding="UTF-8"?><env:Envelope
   xmlns:env="http://schemas.xmlsoap.org/soap/envelope/" xmlns:xsd="http://www.w3.org/2001/XMLSchema"
   xmlns:xsi="http://www.w3.org/2001/XMLSchema-instance">
 <env:Header>
  <SessionHeader xmlns="urn:enterprise.soap.sforce.com">
   <sessionId>00D61000000fBw4!AQoAQKhANvYLUPzFIw4byquvyZw0xtuSC9V7Vg95qGpwcdNicKpHwYYQh4oMkvnIzzwUo6XWMx0LQq2z__91.D3PMkXTSw3o</sessionId>
  </SessionHeader>
 </env:Header>
 <env:Body>
  <m:query xmlns:m="urn:enterprise.soap.sforce.com" xmlns:sobj="urn:sobject.enterprise.soap.sforce.com">
   <m:queryString>SELECT Id, Name, Action__c,ID__c, Name__c, RecordId__c, Script__c,Status__c  FROM MetadataLog__c where Id= 'a0161000002rayc'</m:queryString>
  </m:query>
 </env:Body>
</env:Envelope>
------------ Request end   ----------
null=[HTTP/1.1 200 OK]
Transfer-Encoding=[chunked]
Date=[Thu, 03 Dec 2015 09:44:39 GMT]
Expires=[Thu, 01 Jan 1970 00:00:00 GMT]
Content-Encoding=[gzip]
Set-Cookie=[BrowserId=cSeUuu5hSqea1aGD_1bTqQ;Path=/;Domain=.salesforce.com;Expires=Mon, 01-Feb-2016 09:44:39 GMT]
Content-Type=[text/xml;charset=UTF-8]
------------ Response start ----------
  <?xml version="1.0" encoding="UTF-8"?>
    <soapenv:Envelope xmlns:soapenv="http://schemas.xmlsoap.org/soap/envelope/" xmlns="urn:enterprise.soap.sforce.com" xmlns:xsi="http://www.w3.org/2001/XMLSchema-instance" xmlns:sf="urn:sobject.enterprise.soap.sforce.com">
      <soapenv:Header>
        <LimitInfoHeader>
          <limitInfo>
            <current>25</current>
            <limit>15000</limit>
            <type>API REQUESTS</type>
        </limitInfo>
      </LimitInfoHeader>
    </soapenv:Header>
      <soapenv:Body>
        <queryResponse>
          <result>
            <done>true</done>
            <queryLocator xsi:nil="true"/>
              <records xsi:type="sf:MetadataLog__c">
                <sf:Id>a0161000002raycAAA</sf:Id>
                <sf:Action__c>ExecuteScript</sf:Action__c>
                <sf:Name>MD-0000000011</sf:Name>
                <sf:Name__c>seliniumtest</sf:Name__c>
                <sf:RecordId__c>a0161000002rayc</sf:RecordId__c>
                <sf:Status__c>Completed</sf:Status__c>
            </records>
              <size>1</size>
          </result>
        </queryResponse>
      </soapenv:Body>
    </soapenv:Envelope>
------------ Response end   ----------
WSC: Creating a new connection to https://na34.salesforce.com/services/Soap/c/33.0/00D61000000fBw4 Proxy = DIRECT username null
------------ Request start   ----------
<?xml version="1.0" encoding="UTF-8"?><env:Envelope
   xmlns:env="http://schemas.xmlsoap.org/soap/envelope/" xmlns:xsd="http://www.w3.org/2001/XMLSchema"
   xmlns:xsi="http://www.w3.org/2001/XMLSchema-instance">
 <env:Header>
  <SessionHeader xmlns="urn:enterprise.soap.sforce.com">
   <sessionId>00D61000000fBw4!AQoAQKhANvYLUPzFIw4byquvyZw0xtuSC9V7Vg95qGpwcdNicKpHwYYQh4oMkvnIzzwUo6XWMx0LQq2z__91.D3PMkXTSw3o</sessionId>
  </SessionHeader>
 </env:Header>
 <env:Body>
  <m:update xmlns:m="urn:enterprise.soap.sforce.com" xmlns:sobj="urn:sobject.enterprise.soap.sforce.com">
   <m:sObjects xsi:type="sobj:MetadataLog__c">
    <sobj:Id>a0161000002raycAAA</sobj:Id>
    <sobj:Message__c>successfully testcase Processed</sobj:Message__c>
    <sobj:Status__c>Completed</sobj:Status__c>
   </m:sObjects>
  </m:update>
 </env:Body>
</env:Envelope>
------------ Request end   ----------
null=[HTTP/1.1 200 OK]
Transfer-Encoding=[chunked]
Date=[Thu, 03 Dec 2015 09:44:40 GMT]
Expires=[Thu, 01 Jan 1970 00:00:00 GMT]
Content-Encoding=[gzip]
Set-Cookie=[BrowserId=ijDVrhlWQNe9reoropTKhA;Path=/;Domain=.salesforce.com;Expires=Mon, 01-Feb-2016 09:44:40 GMT]
Content-Type=[text/xml;charset=UTF-8]
------------ Response start ----------
  <?xml version="1.0" encoding="UTF-8"?>
    <soapenv:Envelope xmlns:soapenv="http://schemas.xmlsoap.org/soap/envelope/" xmlns="urn:enterprise.soap.sforce.com">
      <soapenv:Header>
        <LimitInfoHeader>
          <limitInfo>
            <current>25</current>
            <limit>15000</limit>
            <type>API REQUESTS</type>
        </limitInfo>
      </LimitInfoHeader>
    </soapenv:Header>
      <soapenv:Body>
        <updateResponse>
          <result>
            <id>a0161000002raycAAA</id>
            <success>true</success>
        </result>
      </updateResponse>
    </soapenv:Body>
  </soapenv:Envelope>
------------ Response end   ----------
